{ 'answer_dir': 'out/basic/00/answer',
  'answer_func': 'linear',
  'answer_path': '',
  'batch_size': 60,
  'c2q_att': True,
  'char_count_th': 50,
  'char_emb_size': 8,
  'char_out_size': 100,
  'char_vocab_size': 281,
  'cluster': True,
  'cpu_opt': False,
  'data_dir': 'data/squad',
  'data_filter': 'max',
  'debug': False,
  'decay': 0.9,
  'device': '/cpu:0',
  'device_type': 'gpu',
  'dump_answer': True,
  'dump_eval': True,
  'dump_pickle': True,
  'dynamic_att': False,
  'eval': True,
  'eval_dir': 'out/basic/00/eval',
  'eval_path': '',
  'eval_period': 1000,
  'filter_heights': '5',
  'finetune': False,
  'forward_name': 'single',
  'hidden_size': 100,
  'highway': True,
  'highway_num_layers': 2,
  'init_lr': 0.001,
  'input_keep_prob': 0.8,
  'keep_prob': 0.8,
  'known_if_glove': True,
  'len_opt': True,
  'load': True,
  'load_ema': True,
  'load_path': '',
  'load_step': 0,
  'log_dir': 'out/basic/00/log',
  'log_period': 100,
  'logit_func': 'tri_linear',
  'lower_word': True,
  'max_num_sents': 1,
  'max_para_size': 740,
  'max_ques_size': 36,
  'max_sent_size': 740,
  'max_to_keep': 20,
  'max_word_size': 16,
  'mode': 'test',
  'model_name': 'basic',
  'na': False,
  'new_emb_mat': array([[-0.038194  , -0.24487001,  0.72812003, ..., -0.1459    ,
         0.82779998,  0.27061999],
       [-0.10767   ,  0.11053   ,  0.59811997, ..., -0.83155   ,
         0.45293   ,  0.082577  ],
       [-0.33978999,  0.20941   ,  0.46348   , ..., -0.23394001,
         0.47297999, -0.028803  ],
       ...,
       [-0.39851999, -0.40399   , -0.12132   , ...,  0.39177999,
        -0.41701001, -0.44439   ],
       [-0.10434   , -0.031856  , -0.46258   , ...,  0.85052001,
        -0.13160001,  0.25567999],
       [ 0.48997   ,  0.13268   ,  0.20714   , ...,  0.48295   ,
         0.059187  , -0.55440998]], dtype=float32),
  'num_epochs': 12,
  'num_gpus': 1,
  'num_sents_th': 8,
  'num_steps': 20000,
  'out_base_dir': 'out',
  'out_channel_dims': '100',
  'out_dir': 'out/basic/00',
  'para_size_th': 256,
  'progress': True,
  'q2c_att': True,
  'ques_size_th': 30,
  'run_id': '0',
  'save_dir': 'out/basic/00/save',
  'save_period': 1000,
  'sent_size_th': 400,
  'sh_logit_func': 'tri_linear',
  'share_cnn_weights': True,
  'share_lstm_weights': True,
  'shared_path': '',
  'single': False,
  'squash': False,
  'swap_memory': True,
  'test_num_batches': 0,
  'th': 0.5,
  'use_char_emb': True,
  'use_glove_for_unk': True,
  'use_word_emb': True,
  'val_num_batches': 100,
  'var_decay': 0.999,
  'vis': False,
  'wd': 0.0,
  'word_count_th': 10,
  'word_emb_size': 100,
  'word_size_th': 16,
  'word_vocab_size': 1229,
  'wy': False}